
> vibe@0.1.0 build
> next build

   Γû▓ Next.js 15.2.0
   - Environments: .env

   Creating an optimized production build ...
node.exe : Failed to 
compile.
At line:1 char:1
+ & "C:\Program Files\
nodejs/node.exe" 
"C:\Program 
Files\nodejs/node_mo 
...
+ ~~~~~~~~~~~~~~~~~~~~
~~~~~~~~~~~~~~~~~~~~~~
~~~~~~~~~~~~~~~~~~~~~~
~~~~~
    + CategoryInfo    
          : NotSpeci  
  fied: (Failed to    
 compile.:String)     
[], RemoteExcepti    
on
    + FullyQualifiedE 
   rrorId : NativeCo  
  mmandError
 

./src/app/api/inngest/
route.ts
Module not found: 
Can't resolve 
'inngest/next'

https://nextjs.org/doc
s/messages/module-not-
found

./src/inngest/client.t
s
Module not found: 
Can't resolve 
'inngest'

https://nextjs.org/doc
s/messages/module-not-
found

Import trace for 
requested module:
./src/app/api/inngest/
route.ts

./src/inngest/function
s.ts
Module not found: 
Can't resolve 
'@inngest/agent-kit'

https://nextjs.org/doc
s/messages/module-not-
found

Import trace for 
requested module:
./src/app/api/inngest/
route.ts


> Build failed 
because of webpack 
errors
